[+] Containers:
 |- [+] Container: /Game/Maps/SideScrollerMap
 |   |- [+] ActorDescs:
 |   |   |- Guid:1368BE2047FD01F321A037B3C79BBDA8 BaseClass: NativeClass:/Script/Engine.SkyAtmosphere Name:SkyAtmosphere_0 Label:SkyAtmosphere SpatiallyLoaded:0 Bounds:IsValid=true, Min=(X=-200.000 Y=500.000 Z=1020.000), Max=(X=-200.000 Y=500.000 Z=1020.000) RuntimeGrid:None EditorOnly:0 RuntimeOnly:0 HLODRelevant:0 ListedInSceneOutliner:1 IsMainWorldOnly:0 FolderPath:Lighting FolderGuid:963EC3EB4002CCE9759E2EBA541A873A
 |   |   |- Guid:1B6B8B114BC2DA4A6086E5AC09CA15CD BaseClass: NativeClass:/Script/Engine.TextRenderActor Name:TextRenderActor_1 Label:TextRenderActor SpatiallyLoaded:1 Bounds:IsValid=true, Min=(X=880.769 Y=1479.900 Z=95.013), Max=(X=2150.000 Y=1479.900 Z=245.013) RuntimeGrid:None EditorOnly:0 RuntimeOnly:0 HLODRelevant:0 ListedInSceneOutliner:1 IsMainWorldOnly:0
 |   |   |- Guid:3AAE2EA5474E55A969BC3C8D421B7059 BaseClass: NativeClass:/Script/Engine.PostProcessVolume Name:PostProcessVolume_0 Label:PostProcessVolume SpatiallyLoaded:0 Bounds:IsValid=true, Min=(X=-248.571 Y=500.000 Z=400.000), Max=(X=-48.571 Y=700.000 Z=600.000) RuntimeGrid:None EditorOnly:0 RuntimeOnly:0 HLODRelevant:0 ListedInSceneOutliner:1 IsMainWorldOnly:0 FolderPath:Lighting FolderGuid:963EC3EB4002CCE9759E2EBA541A873A
 |   |   |- Guid:3F2647E74843F84CF9BF708BCD8B4855 BaseClass: NativeClass:/Script/Engine.WorldDataLayers Name:WorldDataLayers Label:WorldDataLayers SpatiallyLoaded:0 Bounds:Invalid RuntimeGrid:None EditorOnly:0 RuntimeOnly:0 HLODRelevant:0 ListedInSceneOutliner:1 IsMainWorldOnly:1
 |   |   |- Guid:494A605440077697C9C0CC81E9B8D2CE BaseClass: NativeClass:/Script/Engine.StaticMeshActor Name:StaticMeshActor_11 Label:SM_ChamferCube3 SpatiallyLoaded:1 Bounds:IsValid=true, Min=(X=481.699 Y=1311.699 Z=0.013), Max=(X=618.301 Y=1448.301 Z=100.013) RuntimeGrid:None EditorOnly:0 RuntimeOnly:0 HLODRelevant:0 ListedInSceneOutliner:1 IsMainWorldOnly:0
 |   |   |- Guid:524155B6471D06F8C3E0CE97939307D5 BaseClass: NativeClass:/Script/Engine.StaticMeshActor Name:StaticMeshActor_8 Label:SM_Cube4 SpatiallyLoaded:1 Bounds:IsValid=true, Min=(X=2270.000 Y=1200.000 Z=0.000), Max=(X=2870.000 Y=1550.000 Z=200.000) RuntimeGrid:None EditorOnly:0 RuntimeOnly:0 HLODRelevant:1 ListedInSceneOutliner:1 IsMainWorldOnly:0 FolderPath:Block01 FolderGuid:7D23E5AE4C2A421F86AF6986D87E6D05
 |   |   |- Guid:5B8F883B4F553F557221439364F93077 BaseClass: NativeClass:/Script/Engine.StaticMeshActor Name:StaticMeshActor_34 Label:SM_QuarterCylinder13 SpatiallyLoaded:1 Bounds:IsValid=true, Min=(X=-140.000 Y=1280.000 Z=0.000), Max=(X=60.000 Y=1480.000 Z=100.000) RuntimeGrid:None EditorOnly:0 RuntimeOnly:0 HLODRelevant:1 ListedInSceneOutliner:1 IsMainWorldOnly:0 FolderPath:Cylinder FolderGuid:D075E5BA49330D3EC2503D81A7CF88D1
 |   |   |- Guid:66D6E7D34160BDF81544BA9E653343A5 BaseClass: NativeClass:/Script/Engine.StaticMeshActor Name:StaticMeshActor_35 Label:SM_QuarterCylinder14 SpatiallyLoaded:1 Bounds:IsValid=true, Min=(X=60.000 Y=1280.000 Z=0.000), Max=(X=260.000 Y=1480.000 Z=100.000) RuntimeGrid:None EditorOnly:0 RuntimeOnly:0 HLODRelevant:1 ListedInSceneOutliner:1 IsMainWorldOnly:0 FolderPath:Cylinder FolderGuid:D075E5BA49330D3EC2503D81A7CF88D1
 |   |   |- Guid:6D42B2D84B2347E71DF05882C4EA43B9 BaseClass: NativeClass:/Script/Engine.StaticMeshActor Name:StaticMeshActor_9 Label:SM_Ramp2 SpatiallyLoaded:1 Bounds:IsValid=true, Min=(X=2470.000 Y=1000.000 Z=0.000), Max=(X=2870.000 Y=1200.000 Z=100.000) RuntimeGrid:None EditorOnly:0 RuntimeOnly:0 HLODRelevant:1 ListedInSceneOutliner:1 IsMainWorldOnly:0 FolderPath:Block01 FolderGuid:7D23E5AE4C2A421F86AF6986D87E6D05
 |   |   |- Guid:7D97F23E4768DC3A8D3705AB3443611D BaseClass: NativeClass:/Script/Engine.PlayerStart Name:PlayerStart_0 Label:PlayerStart SpatiallyLoaded:0 Bounds:IsValid=true, Min=(X=2.000 Y=1060.000 Z=30.013), Max=(X=82.000 Y=1140.000 Z=214.013) RuntimeGrid:None EditorOnly:0 RuntimeOnly:0 HLODRelevant:0 ListedInSceneOutliner:1 IsMainWorldOnly:0
 |   |   |- Guid:8EA0267745796D5757FB4690E6C67CD1 BaseClass: NativeClass:/Script/Engine.ExponentialHeightFog Name:ExponentialHeightFog_0 Label:ExponentialHeightFog SpatiallyLoaded:0 Bounds:IsValid=true, Min=(X=-5600.000 Y=-50.000 Z=-6850.000), Max=(X=-5600.000 Y=-50.000 Z=-6850.000) RuntimeGrid:None EditorOnly:0 RuntimeOnly:0 HLODRelevant:0 ListedInSceneOutliner:1 IsMainWorldOnly:0 FolderPath:Lighting FolderGuid:963EC3EB4002CCE9759E2EBA541A873A
 |   |   |- Guid:A3F2410643AAC845E3539E818F79B4AD BaseClass: NativeClass:/Script/Engine.DirectionalLight Name:DirectionalLight_0 Label:DirectionalLight SpatiallyLoaded:0 Bounds:IsValid=true, Min=(X=-4398046511104.000 Y=-4398046511104.000 Z=-4398046511104.000), Max=(X=4398046511104.000 Y=4398046511104.000 Z=4398046511104.000) RuntimeGrid:None EditorOnly:0 RuntimeOnly:0 HLODRelevant:0 ListedInSceneOutliner:1 IsMainWorldOnly:0 FolderPath:Lighting FolderGuid:963EC3EB4002CCE9759E2EBA541A873A
 |   |   |- Guid:A6FF45EB40066BCCB51EDC93BE429BAF BaseClass: NativeClass:/Script/Engine.StaticMeshActor Name:StaticMeshActor_1 Label:SM_Cube SpatiallyLoaded:1 Bounds:IsValid=true, Min=(X=-250.000 Y=505.000 Z=-50.000), Max=(X=3250.000 Y=1580.000 Z=0.000) RuntimeGrid:None EditorOnly:0 RuntimeOnly:0 HLODRelevant:1 ListedInSceneOutliner:1 IsMainWorldOnly:0 FolderPath:Playground FolderGuid:C73F09FC4215536B1DCE2A9E0A830C70
 |   |   |- Guid:A72815BB49D3EC8079435ABD6FE2A331 BaseClass: NativeClass:/Script/Engine.StaticMeshActor Name:StaticMeshActor_2 Label:SM_ChamferCube SpatiallyLoaded:1 Bounds:IsValid=true, Min=(X=2170.000 Y=1350.000 Z=0.013), Max=(X=2270.000 Y=1450.000 Z=100.013) RuntimeGrid:None EditorOnly:0 RuntimeOnly:0 HLODRelevant:0 ListedInSceneOutliner:1 IsMainWorldOnly:0
 |   |   |- Guid:AC16846B4059E43E342ABA91411E36C8 BaseClass: NativeClass:/Script/Engine.StaticMeshActor Name:StaticMeshActor_UAID_A4AE111137DC5EFB00_1110535423 Label:SM_SkySphere SpatiallyLoaded:0 Bounds:IsValid=true, Min=(X=-1650838.000 Y=-1638400.000 Z=-1638400.000), Max=(X=1650538.000 Y=1638400.000 Z=1638400.000) RuntimeGrid:None EditorOnly:0 RuntimeOnly:0 HLODRelevant:1 ListedInSceneOutliner:1 IsMainWorldOnly:0 FolderPath:Lighting FolderGuid:963EC3EB4002CCE9759E2EBA541A873A
 |   |   |- Guid:C0DF1F84411F836FE87243ADBFC985C5 BaseClass: NativeClass:/Script/Engine.StaticMeshActor Name:StaticMeshActor_3 Label:SM_Ramp SpatiallyLoaded:1 Bounds:IsValid=true, Min=(X=-150.000 Y=1000.000 Z=0.000), Max=(X=250.000 Y=1200.000 Z=30.000) RuntimeGrid:None EditorOnly:0 RuntimeOnly:0 HLODRelevant:1 ListedInSceneOutliner:1 IsMainWorldOnly:0
 |   |   |- Guid:C312207F43336D19D9D3D0A5E4511F4C BaseClass: NativeClass:/Script/Engine.StaticMeshActor Name:StaticMeshActor_0 Label:SM_Cube5 SpatiallyLoaded:1 Bounds:IsValid=true, Min=(X=-150.000 Y=1480.000 Z=0.000), Max=(X=3150.000 Y=1580.000 Z=400.000) RuntimeGrid:None EditorOnly:0 RuntimeOnly:0 HLODRelevant:1 ListedInSceneOutliner:1 IsMainWorldOnly:0 FolderPath:Playground FolderGuid:C73F09FC4215536B1DCE2A9E0A830C70
 |   |   |- Guid:C8D4F9A04820253F194297863EF0315B BaseClass: NativeClass:/Script/Engine.StaticMeshActor Name:StaticMeshActor_UAID_7A79190967F5CFB601_1079754786 Label:SM_ChamferCube5 SpatiallyLoaded:1 Bounds:IsValid=true, Min=(X=479.558 Y=1009.558 Z=10.013), Max=(X=620.442 Y=1150.442 Z=110.013) RuntimeGrid:None EditorOnly:0 RuntimeOnly:0 HLODRelevant:0 ListedInSceneOutliner:1 IsMainWorldOnly:0
 |   |   |- Guid:CF31DDD34C50D253810555B4E32184D9 BaseClass: NativeClass:/Script/Engine.StaticMeshActor Name:StaticMeshActor_13 Label:SM_Cube9 SpatiallyLoaded:1 Bounds:IsValid=true, Min=(X=2870.000 Y=1000.000 Z=0.000), Max=(X=3170.000 Y=1575.000 Z=100.000) RuntimeGrid:None EditorOnly:0 RuntimeOnly:0 HLODRelevant:1 ListedInSceneOutliner:1 IsMainWorldOnly:0 FolderPath:Block01 FolderGuid:7D23E5AE4C2A421F86AF6986D87E6D05
 |   |   |- Guid:D51DE35046F3AD8EF7D7299A263627F9 BaseClass: NativeClass:/Script/Engine.StaticMeshActor Name:StaticMeshActor_UAID_7A79190967F5CEB601_2097163608 Label:SM_Cube7 SpatiallyLoaded:1 Bounds:IsValid=true, Min=(X=3150.000 Y=505.000 Z=0.000), Max=(X=3250.000 Y=1580.000 Z=400.000) RuntimeGrid:None EditorOnly:0 RuntimeOnly:0 HLODRelevant:1 ListedInSceneOutliner:1 IsMainWorldOnly:0 FolderPath:Playground FolderGuid:C73F09FC4215536B1DCE2A9E0A830C70
 |   |   |- Guid:DAFAB094449087440458CB93C74BB871 BaseClass: NativeClass:/Script/Engine.VolumetricCloud Name:VolumetricCloud_0 Label:VolumetricCloud SpatiallyLoaded:0 Bounds:IsValid=true, Min=(X=-200.000 Y=500.000 Z=820.000), Max=(X=-200.000 Y=500.000 Z=820.000) RuntimeGrid:None EditorOnly:0 RuntimeOnly:0 HLODRelevant:0 ListedInSceneOutliner:1 IsMainWorldOnly:0 FolderPath:Lighting FolderGuid:963EC3EB4002CCE9759E2EBA541A873A
 |   |   |- Guid:EA6EDA29498FA37897F805BFD83FC124 BaseClass: NativeClass:/Script/Engine.SkyLight Name:SkyLight_1 Label:SkyLight SpatiallyLoaded:0 Bounds:IsValid=true, Min=(X=-200.000 Y=500.000 Z=690.000), Max=(X=-200.000 Y=500.000 Z=690.000) RuntimeGrid:None EditorOnly:0 RuntimeOnly:0 HLODRelevant:0 ListedInSceneOutliner:1 IsMainWorldOnly:0 FolderPath:Lighting FolderGuid:963EC3EB4002CCE9759E2EBA541A873A
 |   |   |- Guid:EB82F8344D31D25C08B902B738930918 BaseClass: NativeClass:/Script/Engine.StaticMeshActor Name:StaticMeshActor_UAID_7A79190967F5CEB601_2048207607 Label:SM_Cube6 SpatiallyLoaded:1 Bounds:IsValid=true, Min=(X=-250.000 Y=505.000 Z=0.000), Max=(X=-150.000 Y=1580.000 Z=400.000) RuntimeGrid:None EditorOnly:0 RuntimeOnly:0 HLODRelevant:1 ListedInSceneOutliner:1 IsMainWorldOnly:0 FolderPath:Playground FolderGuid:C73F09FC4215536B1DCE2A9E0A830C70
 |   |   |- Guid:F0122DB64F807AB59BBA5DA2907CC048 BaseClass: NativeClass:/Script/Engine.StaticMeshActor Name:StaticMeshActor_UAID_7A79190967F5CEB601_2139120609 Label:SM_ChamferCube4 SpatiallyLoaded:1 Bounds:IsValid=true, Min=(X=12.077 Y=1322.077 Z=120.013), Max=(X=127.923 Y=1437.923 Z=220.013) RuntimeGrid:None EditorOnly:0 RuntimeOnly:0 HLODRelevant:0 ListedInSceneOutliner:1 IsMainWorldOnly:0
 |   |   |- Guid:F391520B4F630AA7F084CD927B41D380 BaseClass: NativeClass:/Script/Engine.StaticMeshActor Name:StaticMeshActor_14 Label:SM_Ramp3 SpatiallyLoaded:1 Bounds:IsValid=true, Min=(X=2870.000 Y=1170.000 Z=100.000), Max=(X=3170.000 Y=1570.000 Z=200.000) RuntimeGrid:None EditorOnly:0 RuntimeOnly:0 HLODRelevant:1 ListedInSceneOutliner:1 IsMainWorldOnly:0 FolderPath:Block01 FolderGuid:7D23E5AE4C2A421F86AF6986D87E6D05
 |   |   |- Guid:F7CA1FA240D5E7102D5B029EABB368A6 BaseClass: NativeClass:/Script/Engine.StaticMeshActor Name:StaticMeshActor_10 Label:SM_ChamferCube2 SpatiallyLoaded:1 Bounds:IsValid=true, Min=(X=992.077 Y=1272.077 Z=0.013), Max=(X=1107.923 Y=1387.923 Z=100.013) RuntimeGrid:None EditorOnly:0 RuntimeOnly:0 HLODRelevant:0 ListedInSceneOutliner:1 IsMainWorldOnly:0
 |   |- [+] Clusters:
 |   |   |- [+] [  0]
 |   |   |   |- Guid:1368BE2047FD01F321A037B3C79BBDA8 BaseClass: NativeClass:/Script/Engine.SkyAtmosphere Name:SkyAtmosphere_0 Label:SkyAtmosphere SpatiallyLoaded:0 Bounds:IsValid=true, Min=(X=-200.000 Y=500.000 Z=1020.000), Max=(X=-200.000 Y=500.000 Z=1020.000) RuntimeGrid:None EditorOnly:0 RuntimeOnly:0 HLODRelevant:0 ListedInSceneOutliner:1 IsMainWorldOnly:0 FolderPath:Lighting FolderGuid:963EC3EB4002CCE9759E2EBA541A873A
 |   |   |- [+] [  1]
 |   |   |   |- Guid:1B6B8B114BC2DA4A6086E5AC09CA15CD BaseClass: NativeClass:/Script/Engine.TextRenderActor Name:TextRenderActor_1 Label:TextRenderActor SpatiallyLoaded:1 Bounds:IsValid=true, Min=(X=880.769 Y=1479.900 Z=95.013), Max=(X=2150.000 Y=1479.900 Z=245.013) RuntimeGrid:None EditorOnly:0 RuntimeOnly:0 HLODRelevant:0 ListedInSceneOutliner:1 IsMainWorldOnly:0
 |   |   |- [+] [  2]
 |   |   |   |- Guid:3AAE2EA5474E55A969BC3C8D421B7059 BaseClass: NativeClass:/Script/Engine.PostProcessVolume Name:PostProcessVolume_0 Label:PostProcessVolume SpatiallyLoaded:0 Bounds:IsValid=true, Min=(X=-248.571 Y=500.000 Z=400.000), Max=(X=-48.571 Y=700.000 Z=600.000) RuntimeGrid:None EditorOnly:0 RuntimeOnly:0 HLODRelevant:0 ListedInSceneOutliner:1 IsMainWorldOnly:0 FolderPath:Lighting FolderGuid:963EC3EB4002CCE9759E2EBA541A873A
 |   |   |- [+] [  3]
 |   |   |   |- Guid:3F2647E74843F84CF9BF708BCD8B4855 BaseClass: NativeClass:/Script/Engine.WorldDataLayers Name:WorldDataLayers Label:WorldDataLayers SpatiallyLoaded:0 Bounds:Invalid RuntimeGrid:None EditorOnly:0 RuntimeOnly:0 HLODRelevant:0 ListedInSceneOutliner:1 IsMainWorldOnly:1
 |   |   |- [+] [  4]
 |   |   |   |- Guid:494A605440077697C9C0CC81E9B8D2CE BaseClass: NativeClass:/Script/Engine.StaticMeshActor Name:StaticMeshActor_11 Label:SM_ChamferCube3 SpatiallyLoaded:1 Bounds:IsValid=true, Min=(X=481.699 Y=1311.699 Z=0.013), Max=(X=618.301 Y=1448.301 Z=100.013) RuntimeGrid:None EditorOnly:0 RuntimeOnly:0 HLODRelevant:0 ListedInSceneOutliner:1 IsMainWorldOnly:0
 |   |   |- [+] [  5]
 |   |   |   |- Guid:524155B6471D06F8C3E0CE97939307D5 BaseClass: NativeClass:/Script/Engine.StaticMeshActor Name:StaticMeshActor_8 Label:SM_Cube4 SpatiallyLoaded:1 Bounds:IsValid=true, Min=(X=2270.000 Y=1200.000 Z=0.000), Max=(X=2870.000 Y=1550.000 Z=200.000) RuntimeGrid:None EditorOnly:0 RuntimeOnly:0 HLODRelevant:1 ListedInSceneOutliner:1 IsMainWorldOnly:0 FolderPath:Block01 FolderGuid:7D23E5AE4C2A421F86AF6986D87E6D05
 |   |   |- [+] [  6]
 |   |   |   |- Guid:5B8F883B4F553F557221439364F93077 BaseClass: NativeClass:/Script/Engine.StaticMeshActor Name:StaticMeshActor_34 Label:SM_QuarterCylinder13 SpatiallyLoaded:1 Bounds:IsValid=true, Min=(X=-140.000 Y=1280.000 Z=0.000), Max=(X=60.000 Y=1480.000 Z=100.000) RuntimeGrid:None EditorOnly:0 RuntimeOnly:0 HLODRelevant:1 ListedInSceneOutliner:1 IsMainWorldOnly:0 FolderPath:Cylinder FolderGuid:D075E5BA49330D3EC2503D81A7CF88D1
 |   |   |- [+] [  7]
 |   |   |   |- Guid:66D6E7D34160BDF81544BA9E653343A5 BaseClass: NativeClass:/Script/Engine.StaticMeshActor Name:StaticMeshActor_35 Label:SM_QuarterCylinder14 SpatiallyLoaded:1 Bounds:IsValid=true, Min=(X=60.000 Y=1280.000 Z=0.000), Max=(X=260.000 Y=1480.000 Z=100.000) RuntimeGrid:None EditorOnly:0 RuntimeOnly:0 HLODRelevant:1 ListedInSceneOutliner:1 IsMainWorldOnly:0 FolderPath:Cylinder FolderGuid:D075E5BA49330D3EC2503D81A7CF88D1
 |   |   |- [+] [  8]
 |   |   |   |- Guid:6D42B2D84B2347E71DF05882C4EA43B9 BaseClass: NativeClass:/Script/Engine.StaticMeshActor Name:StaticMeshActor_9 Label:SM_Ramp2 SpatiallyLoaded:1 Bounds:IsValid=true, Min=(X=2470.000 Y=1000.000 Z=0.000), Max=(X=2870.000 Y=1200.000 Z=100.000) RuntimeGrid:None EditorOnly:0 RuntimeOnly:0 HLODRelevant:1 ListedInSceneOutliner:1 IsMainWorldOnly:0 FolderPath:Block01 FolderGuid:7D23E5AE4C2A421F86AF6986D87E6D05
 |   |   |- [+] [  9]
 |   |   |   |- Guid:7D97F23E4768DC3A8D3705AB3443611D BaseClass: NativeClass:/Script/Engine.PlayerStart Name:PlayerStart_0 Label:PlayerStart SpatiallyLoaded:0 Bounds:IsValid=true, Min=(X=2.000 Y=1060.000 Z=30.013), Max=(X=82.000 Y=1140.000 Z=214.013) RuntimeGrid:None EditorOnly:0 RuntimeOnly:0 HLODRelevant:0 ListedInSceneOutliner:1 IsMainWorldOnly:0
 |   |   |- [+] [ 10]
 |   |   |   |- Guid:8EA0267745796D5757FB4690E6C67CD1 BaseClass: NativeClass:/Script/Engine.ExponentialHeightFog Name:ExponentialHeightFog_0 Label:ExponentialHeightFog SpatiallyLoaded:0 Bounds:IsValid=true, Min=(X=-5600.000 Y=-50.000 Z=-6850.000), Max=(X=-5600.000 Y=-50.000 Z=-6850.000) RuntimeGrid:None EditorOnly:0 RuntimeOnly:0 HLODRelevant:0 ListedInSceneOutliner:1 IsMainWorldOnly:0 FolderPath:Lighting FolderGuid:963EC3EB4002CCE9759E2EBA541A873A
 |   |   |- [+] [ 11]
 |   |   |   |- Guid:A3F2410643AAC845E3539E818F79B4AD BaseClass: NativeClass:/Script/Engine.DirectionalLight Name:DirectionalLight_0 Label:DirectionalLight SpatiallyLoaded:0 Bounds:IsValid=true, Min=(X=-4398046511104.000 Y=-4398046511104.000 Z=-4398046511104.000), Max=(X=4398046511104.000 Y=4398046511104.000 Z=4398046511104.000) RuntimeGrid:None EditorOnly:0 RuntimeOnly:0 HLODRelevant:0 ListedInSceneOutliner:1 IsMainWorldOnly:0 FolderPath:Lighting FolderGuid:963EC3EB4002CCE9759E2EBA541A873A
 |   |   |- [+] [ 12]
 |   |   |   |- Guid:A6FF45EB40066BCCB51EDC93BE429BAF BaseClass: NativeClass:/Script/Engine.StaticMeshActor Name:StaticMeshActor_1 Label:SM_Cube SpatiallyLoaded:1 Bounds:IsValid=true, Min=(X=-250.000 Y=505.000 Z=-50.000), Max=(X=3250.000 Y=1580.000 Z=0.000) RuntimeGrid:None EditorOnly:0 RuntimeOnly:0 HLODRelevant:1 ListedInSceneOutliner:1 IsMainWorldOnly:0 FolderPath:Playground FolderGuid:C73F09FC4215536B1DCE2A9E0A830C70
 |   |   |- [+] [ 13]
 |   |   |   |- Guid:A72815BB49D3EC8079435ABD6FE2A331 BaseClass: NativeClass:/Script/Engine.StaticMeshActor Name:StaticMeshActor_2 Label:SM_ChamferCube SpatiallyLoaded:1 Bounds:IsValid=true, Min=(X=2170.000 Y=1350.000 Z=0.013), Max=(X=2270.000 Y=1450.000 Z=100.013) RuntimeGrid:None EditorOnly:0 RuntimeOnly:0 HLODRelevant:0 ListedInSceneOutliner:1 IsMainWorldOnly:0
 |   |   |- [+] [ 14]
 |   |   |   |- Guid:AC16846B4059E43E342ABA91411E36C8 BaseClass: NativeClass:/Script/Engine.StaticMeshActor Name:StaticMeshActor_UAID_A4AE111137DC5EFB00_1110535423 Label:SM_SkySphere SpatiallyLoaded:0 Bounds:IsValid=true, Min=(X=-1650838.000 Y=-1638400.000 Z=-1638400.000), Max=(X=1650538.000 Y=1638400.000 Z=1638400.000) RuntimeGrid:None EditorOnly:0 RuntimeOnly:0 HLODRelevant:1 ListedInSceneOutliner:1 IsMainWorldOnly:0 FolderPath:Lighting FolderGuid:963EC3EB4002CCE9759E2EBA541A873A
 |   |   |- [+] [ 15]
 |   |   |   |- Guid:C0DF1F84411F836FE87243ADBFC985C5 BaseClass: NativeClass:/Script/Engine.StaticMeshActor Name:StaticMeshActor_3 Label:SM_Ramp SpatiallyLoaded:1 Bounds:IsValid=true, Min=(X=-150.000 Y=1000.000 Z=0.000), Max=(X=250.000 Y=1200.000 Z=30.000) RuntimeGrid:None EditorOnly:0 RuntimeOnly:0 HLODRelevant:1 ListedInSceneOutliner:1 IsMainWorldOnly:0
 |   |   |- [+] [ 16]
 |   |   |   |- Guid:C312207F43336D19D9D3D0A5E4511F4C BaseClass: NativeClass:/Script/Engine.StaticMeshActor Name:StaticMeshActor_0 Label:SM_Cube5 SpatiallyLoaded:1 Bounds:IsValid=true, Min=(X=-150.000 Y=1480.000 Z=0.000), Max=(X=3150.000 Y=1580.000 Z=400.000) RuntimeGrid:None EditorOnly:0 RuntimeOnly:0 HLODRelevant:1 ListedInSceneOutliner:1 IsMainWorldOnly:0 FolderPath:Playground FolderGuid:C73F09FC4215536B1DCE2A9E0A830C70
 |   |   |- [+] [ 17]
 |   |   |   |- Guid:C8D4F9A04820253F194297863EF0315B BaseClass: NativeClass:/Script/Engine.StaticMeshActor Name:StaticMeshActor_UAID_7A79190967F5CFB601_1079754786 Label:SM_ChamferCube5 SpatiallyLoaded:1 Bounds:IsValid=true, Min=(X=479.558 Y=1009.558 Z=10.013), Max=(X=620.442 Y=1150.442 Z=110.013) RuntimeGrid:None EditorOnly:0 RuntimeOnly:0 HLODRelevant:0 ListedInSceneOutliner:1 IsMainWorldOnly:0
 |   |   |- [+] [ 18]
 |   |   |   |- Guid:CF31DDD34C50D253810555B4E32184D9 BaseClass: NativeClass:/Script/Engine.StaticMeshActor Name:StaticMeshActor_13 Label:SM_Cube9 SpatiallyLoaded:1 Bounds:IsValid=true, Min=(X=2870.000 Y=1000.000 Z=0.000), Max=(X=3170.000 Y=1575.000 Z=100.000) RuntimeGrid:None EditorOnly:0 RuntimeOnly:0 HLODRelevant:1 ListedInSceneOutliner:1 IsMainWorldOnly:0 FolderPath:Block01 FolderGuid:7D23E5AE4C2A421F86AF6986D87E6D05
 |   |   |- [+] [ 19]
 |   |   |   |- Guid:D51DE35046F3AD8EF7D7299A263627F9 BaseClass: NativeClass:/Script/Engine.StaticMeshActor Name:StaticMeshActor_UAID_7A79190967F5CEB601_2097163608 Label:SM_Cube7 SpatiallyLoaded:1 Bounds:IsValid=true, Min=(X=3150.000 Y=505.000 Z=0.000), Max=(X=3250.000 Y=1580.000 Z=400.000) RuntimeGrid:None EditorOnly:0 RuntimeOnly:0 HLODRelevant:1 ListedInSceneOutliner:1 IsMainWorldOnly:0 FolderPath:Playground FolderGuid:C73F09FC4215536B1DCE2A9E0A830C70
 |   |   |- [+] [ 20]
 |   |   |   |- Guid:DAFAB094449087440458CB93C74BB871 BaseClass: NativeClass:/Script/Engine.VolumetricCloud Name:VolumetricCloud_0 Label:VolumetricCloud SpatiallyLoaded:0 Bounds:IsValid=true, Min=(X=-200.000 Y=500.000 Z=820.000), Max=(X=-200.000 Y=500.000 Z=820.000) RuntimeGrid:None EditorOnly:0 RuntimeOnly:0 HLODRelevant:0 ListedInSceneOutliner:1 IsMainWorldOnly:0 FolderPath:Lighting FolderGuid:963EC3EB4002CCE9759E2EBA541A873A
 |   |   |- [+] [ 21]
 |   |   |   |- Guid:EA6EDA29498FA37897F805BFD83FC124 BaseClass: NativeClass:/Script/Engine.SkyLight Name:SkyLight_1 Label:SkyLight SpatiallyLoaded:0 Bounds:IsValid=true, Min=(X=-200.000 Y=500.000 Z=690.000), Max=(X=-200.000 Y=500.000 Z=690.000) RuntimeGrid:None EditorOnly:0 RuntimeOnly:0 HLODRelevant:0 ListedInSceneOutliner:1 IsMainWorldOnly:0 FolderPath:Lighting FolderGuid:963EC3EB4002CCE9759E2EBA541A873A
 |   |   |- [+] [ 22]
 |   |   |   |- Guid:EB82F8344D31D25C08B902B738930918 BaseClass: NativeClass:/Script/Engine.StaticMeshActor Name:StaticMeshActor_UAID_7A79190967F5CEB601_2048207607 Label:SM_Cube6 SpatiallyLoaded:1 Bounds:IsValid=true, Min=(X=-250.000 Y=505.000 Z=0.000), Max=(X=-150.000 Y=1580.000 Z=400.000) RuntimeGrid:None EditorOnly:0 RuntimeOnly:0 HLODRelevant:1 ListedInSceneOutliner:1 IsMainWorldOnly:0 FolderPath:Playground FolderGuid:C73F09FC4215536B1DCE2A9E0A830C70
 |   |   |- [+] [ 23]
 |   |   |   |- Guid:F0122DB64F807AB59BBA5DA2907CC048 BaseClass: NativeClass:/Script/Engine.StaticMeshActor Name:StaticMeshActor_UAID_7A79190967F5CEB601_2139120609 Label:SM_ChamferCube4 SpatiallyLoaded:1 Bounds:IsValid=true, Min=(X=12.077 Y=1322.077 Z=120.013), Max=(X=127.923 Y=1437.923 Z=220.013) RuntimeGrid:None EditorOnly:0 RuntimeOnly:0 HLODRelevant:0 ListedInSceneOutliner:1 IsMainWorldOnly:0
 |   |   |- [+] [ 24]
 |   |   |   |- Guid:F391520B4F630AA7F084CD927B41D380 BaseClass: NativeClass:/Script/Engine.StaticMeshActor Name:StaticMeshActor_14 Label:SM_Ramp3 SpatiallyLoaded:1 Bounds:IsValid=true, Min=(X=2870.000 Y=1170.000 Z=100.000), Max=(X=3170.000 Y=1570.000 Z=200.000) RuntimeGrid:None EditorOnly:0 RuntimeOnly:0 HLODRelevant:1 ListedInSceneOutliner:1 IsMainWorldOnly:0 FolderPath:Block01 FolderGuid:7D23E5AE4C2A421F86AF6986D87E6D05
 |   |   |- [+] [ 25]
 |   |   |   |- Guid:F7CA1FA240D5E7102D5B029EABB368A6 BaseClass: NativeClass:/Script/Engine.StaticMeshActor Name:StaticMeshActor_10 Label:SM_ChamferCube2 SpatiallyLoaded:1 Bounds:IsValid=true, Min=(X=992.077 Y=1272.077 Z=0.013), Max=(X=1107.923 Y=1387.923 Z=100.013) RuntimeGrid:None EditorOnly:0 RuntimeOnly:0 HLODRelevant:0 ListedInSceneOutliner:1 IsMainWorldOnly:0
 |- ContainerInstances:
 |- [+] MainContainer:
 |   |-        ID: 00000000000000000000000000000000
 |   |-  ParentID: 00000000000000000000000000000000
 |   |-    Bounds: IsValid=false, Min=(X=0.000 Y=0.000 Z=0.000), Max=(X=0.000 Y=0.000 Z=0.000)
 |   |- Transform: 0.000000,0.000000,0.000000|0.000000,0.000000,-0.000000|1.000000,1.000000,1.000000
 |   |- Container: /Game/Maps/SideScrollerMap
----------------------------------------------------------------------------------------------------------------
SideScrollerMap - Persistent Level
----------------------------------------------------------------------------------------------------------------
[+] Content of SideScrollerMap Persistent Level
 |- Always loaded Actor Count: 33 
 |- Actor Path: /Game/Maps/SideScrollerMap.SideScrollerMap:PersistentLevel.AbstractNavData-Default
 |- Actor Package: /Game/Maps/SideScrollerMap
 |- Actor Path: /Game/Maps/SideScrollerMap.SideScrollerMap:PersistentLevel.Brush_0
 |- Actor Package: /Game/Maps/SideScrollerMap
 |- Actor Path: /Game/Maps/SideScrollerMap.SideScrollerMap:PersistentLevel.DefaultPhysicsVolume_0
 |- Actor Package: /Game/Maps/SideScrollerMap
 |- Actor Path: /Game/Maps/SideScrollerMap.SideScrollerMap:PersistentLevel.DirectionalLight_0
 |- Actor Package: /Game/__ExternalActors__/Maps/SideScrollerMap/A/Q6/5WF73WB6VP1I1CGZTR1YK4
 |- Actor Path: /Game/Maps/SideScrollerMap.SideScrollerMap:PersistentLevel.ExponentialHeightFog_0
 |- Actor Package: /Game/__ExternalActors__/Maps/SideScrollerMap/D/ZE/U83PM00E7Q7G9YZ3L3OWKL
 |- Actor Path: /Game/Maps/SideScrollerMap.SideScrollerMap:PersistentLevel.GameplayDebuggerPlayerManager_0
 |- Actor Package: /Game/Maps/SideScrollerMap
 |- Actor Path: /Game/Maps/SideScrollerMap.SideScrollerMap:PersistentLevel.PlayerStart_0
 |- Actor Package: /Game/__ExternalActors__/Maps/SideScrollerMap/E/O6/SRXJZKKXGU124JE5T8HVH9
 |- Actor Path: /Game/Maps/SideScrollerMap.SideScrollerMap:PersistentLevel.PostProcessVolume_0
 |- Actor Package: /Game/__ExternalActors__/Maps/SideScrollerMap/A/OI/R0HGZXM7NLEEYYUKGT08SZ
 |- Actor Path: /Game/Maps/SideScrollerMap.SideScrollerMap:PersistentLevel.SkyAtmosphere_0
 |- Actor Package: /Game/__ExternalActors__/Maps/SideScrollerMap/4/36/FW13DLJMNFVV1I0VAZ3SMW
 |- Actor Path: /Game/Maps/SideScrollerMap.SideScrollerMap:PersistentLevel.SkyLight_1
 |- Actor Package: /Game/__ExternalActors__/Maps/SideScrollerMap/D/V8/987RKVR69C05XMHRTM214H
 |- Actor Path: /Game/Maps/SideScrollerMap.SideScrollerMap:PersistentLevel.StaticMeshActor_0
 |- Actor Package: /Game/__ExternalActors__/Maps/SideScrollerMap/1/WZ/UHGY1VRY02NIA5K70M968S
 |- Actor Path: /Game/Maps/SideScrollerMap.SideScrollerMap:PersistentLevel.StaticMeshActor_1
 |- Actor Package: /Game/__ExternalActors__/Maps/SideScrollerMap/5/I4/Q4PMEKKP32YZZRLFU2EBUC
 |- Actor Path: /Game/Maps/SideScrollerMap.SideScrollerMap:PersistentLevel.StaticMeshActor_2
 |- Actor Package: /Game/__ExternalActors__/Maps/SideScrollerMap/B/VT/7FWOJ87YOFVKSI29R8YW7D
 |- Actor Path: /Game/Maps/SideScrollerMap.SideScrollerMap:PersistentLevel.StaticMeshActor_3
 |- Actor Package: /Game/__ExternalActors__/Maps/SideScrollerMap/D/3O/PZ5PXRA8L6UFP6ZQOHIVYT
 |- Actor Path: /Game/Maps/SideScrollerMap.SideScrollerMap:PersistentLevel.StaticMeshActor_8
 |- Actor Package: /Game/__ExternalActors__/Maps/SideScrollerMap/A/GK/R4EZAD9UHSE3JVH7BI5CIL
 |- Actor Path: /Game/Maps/SideScrollerMap.SideScrollerMap:PersistentLevel.StaticMeshActor_9
 |- Actor Package: /Game/__ExternalActors__/Maps/SideScrollerMap/A/CE/66LFIMPOELTSR3MODAAS7W
 |- Actor Path: /Game/Maps/SideScrollerMap.SideScrollerMap:PersistentLevel.StaticMeshActor_10
 |- Actor Package: /Game/__ExternalActors__/Maps/SideScrollerMap/4/K8/W2K2M5WOZBV5FG2FM81Y3N
 |- Actor Path: /Game/Maps/SideScrollerMap.SideScrollerMap:PersistentLevel.StaticMeshActor_11
 |- Actor Package: /Game/__ExternalActors__/Maps/SideScrollerMap/8/LW/W0ACMMAGJS7RG10SPSQUI7
 |- Actor Path: /Game/Maps/SideScrollerMap.SideScrollerMap:PersistentLevel.StaticMeshActor_13
 |- Actor Package: /Game/__ExternalActors__/Maps/SideScrollerMap/0/0R/ZIHI947C6WSJKN7EIGZUOJ
 |- Actor Path: /Game/Maps/SideScrollerMap.SideScrollerMap:PersistentLevel.StaticMeshActor_14
 |- Actor Package: /Game/__ExternalActors__/Maps/SideScrollerMap/0/L7/4C9N84OC50N9VGTFL1RHD2
 |- Actor Path: /Game/Maps/SideScrollerMap.SideScrollerMap:PersistentLevel.StaticMeshActor_34
 |- Actor Package: /Game/__ExternalActors__/Maps/SideScrollerMap/8/AP/44TXE0BGPGIWH2GSKUEUXC
 |- Actor Path: /Game/Maps/SideScrollerMap.SideScrollerMap:PersistentLevel.StaticMeshActor_35
 |- Actor Package: /Game/__ExternalActors__/Maps/SideScrollerMap/0/KK/GBGPGQVUH8M5GGS69RIDPA
 |- Actor Path: /Game/Maps/SideScrollerMap.SideScrollerMap:PersistentLevel.StaticMeshActor_UAID_7A79190967F5CEB601_2048207607
 |- Actor Package: /Game/__ExternalActors__/Maps/SideScrollerMap/6/FV/JWPCMLRAVELPGWO1W02ZNJ
 |- Actor Path: /Game/Maps/SideScrollerMap.SideScrollerMap:PersistentLevel.StaticMeshActor_UAID_7A79190967F5CEB601_2097163608
 |- Actor Package: /Game/__ExternalActors__/Maps/SideScrollerMap/E/6B/BD8B9BHGSWHROTCRELMHPW
 |- Actor Path: /Game/Maps/SideScrollerMap.SideScrollerMap:PersistentLevel.StaticMeshActor_UAID_7A79190967F5CEB601_2139120609
 |- Actor Package: /Game/__ExternalActors__/Maps/SideScrollerMap/8/82/07RY7IL1KP45MXY24PNST8
 |- Actor Path: /Game/Maps/SideScrollerMap.SideScrollerMap:PersistentLevel.StaticMeshActor_UAID_7A79190967F5CFB601_1079754786
 |- Actor Package: /Game/__ExternalActors__/Maps/SideScrollerMap/1/38/XICKJ8L7XPNB223WQREXAY
 |- Actor Path: /Game/Maps/SideScrollerMap.SideScrollerMap:PersistentLevel.StaticMeshActor_UAID_A4AE111137DC5EFB00_1110535423
 |- Actor Package: /Game/__ExternalActors__/Maps/SideScrollerMap/F/1D/B7LK9VYNKZ10HH62HE8GYA
 |- Actor Path: /Game/Maps/SideScrollerMap.SideScrollerMap:PersistentLevel.TextRenderActor_1
 |- Actor Package: /Game/__ExternalActors__/Maps/SideScrollerMap/A/B7/3L1G9Y19YEH2M2Z70DM7H2
 |- Actor Path: /Game/Maps/SideScrollerMap.SideScrollerMap:PersistentLevel.ThirdPersonMap_C_1
 |- Actor Package: /Game/Maps/SideScrollerMap
 |- Actor Path: /Game/Maps/SideScrollerMap.SideScrollerMap:PersistentLevel.VolumetricCloud_0
 |- Actor Package: /Game/__ExternalActors__/Maps/SideScrollerMap/B/0F/GKPBGQ751IPL9F9ENM2USF
 |- Actor Path: /Game/Maps/SideScrollerMap.SideScrollerMap:PersistentLevel.WorldDataLayers
 |- Actor Package: /Game/__ExternalActors__/Maps/SideScrollerMap/4/OP/06EZAE82OVB7T1R5CYB5IT
 |- Actor Path: /Game/Maps/SideScrollerMap.SideScrollerMap:PersistentLevel.WorldInfo_0
 |- Actor Package: /Game/Maps/SideScrollerMap
 |- Actor Path: /Game/Maps/SideScrollerMap.SideScrollerMap:PersistentLevel.WorldPartitionMiniMap_0
 |- Actor Package: /Game/__ExternalActors__/Maps/SideScrollerMap/E/2T/PL0XP7OOXJ64JWPMBSB8MG

----------------------------------------------------------------------------------------------------------------
SideScrollerMap - Runtime Spatial Hash - Streaming Grid - MainGrid
----------------------------------------------------------------------------------------------------------------
            Origin: X=0.000 Y=0.000 Z=0.000
         Cell Size: 12800
      World Bounds: IsValid=false, Min=(X=0.000 Y=0.000 Z=0.000), Max=(X=0.000 Y=0.000 Z=0.000)
     Loading Range: 25600.00
Block Slow Loading: No
 ClientOnlyVisible: No
            Origin: X=0.000 Y=0.000 Z=0.000

[+] Grid Levels: 1
 |- Level  0: Cell Count    0 | Cell Size   12800 | Actor Count    0 (0.0%)

[+] Content of Grid Level 0

